2021-07-09  17:15:09   [INFO] - com.springboot.StudentH2DatabseJunitSpringBootApplication  [main]  - Starting StudentH2DatabseJunitSpringBootApplication using Java 15.0.2 on DESKTOP-B06LK7N with PID 11440 (E:\Sb\H2-Databse-Junit-SpringBoot\target\classes started by LENOVO in E:\Sb\H2-Databse-Junit-SpringBoot)
2021-07-09  17:15:09   [INFO] - com.springboot.StudentH2DatabseJunitSpringBootApplication  [main]  - No active profile set, falling back to default profiles: default
2021-07-09  17:15:12   [INFO] - org.springframework.data.repository.config.RepositoryConfigurationDelegate  [main]  - Bootstrapping Spring Data JPA repositories in DEFAULT mode.
2021-07-09  17:15:12   [INFO] - org.springframework.data.repository.config.RepositoryConfigurationDelegate  [main]  - Finished Spring Data repository scanning in 111 ms. Found 3 JPA repository interfaces.
2021-07-09  17:15:14   [INFO] - org.springframework.boot.web.embedded.tomcat.TomcatWebServer  [main]  - Tomcat initialized with port(s): 8080 (http)
2021-07-09  17:15:14   [INFO] - org.apache.catalina.core.StandardService  [main]  - Starting service [Tomcat]
2021-07-09  17:15:14   [INFO] - org.apache.catalina.core.StandardEngine  [main]  - Starting Servlet engine: [Apache Tomcat/9.0.46]
2021-07-09  17:15:14   [INFO] - org.apache.catalina.core.ContainerBase.[Tomcat].[localhost].[/]  [main]  - Initializing Spring embedded WebApplicationContext
2021-07-09  17:15:14   [INFO] - org.springframework.boot.web.servlet.context.ServletWebServerApplicationContext  [main]  - Root WebApplicationContext: initialization completed in 5088 ms
2021-07-09  17:15:14   [INFO] - com.zaxxer.hikari.HikariDataSource  [main]  - HikariPool-1 - Starting...
2021-07-09  17:15:15   [INFO] - com.zaxxer.hikari.HikariDataSource  [main]  - HikariPool-1 - Start completed.
2021-07-09  17:15:15   [INFO] - org.springframework.boot.autoconfigure.h2.H2ConsoleAutoConfiguration  [main]  - H2 console available at '/h2'. Database available at 'jdbc:h2:mem:testdb'
2021-07-09  17:15:15   [INFO] - org.hibernate.jpa.internal.util.LogHelper  [main]  - HHH000204: Processing PersistenceUnitInfo [name: default]
2021-07-09  17:15:15   [INFO] - org.hibernate.Version  [main]  - HHH000412: Hibernate ORM core version 5.4.32.Final
2021-07-09  17:15:16   [INFO] - org.hibernate.annotations.common.Version  [main]  - HCANN000001: Hibernate Commons Annotations {5.1.2.Final}
2021-07-09  17:15:16   [INFO] - org.hibernate.dialect.Dialect  [main]  - HHH000400: Using dialect: org.hibernate.dialect.H2Dialect
2021-07-09  17:15:24   [INFO] - org.hibernate.engine.transaction.jta.platform.internal.JtaPlatformInitiator  [main]  - HHH000490: Using JtaPlatform implementation: [org.hibernate.engine.transaction.jta.platform.internal.NoJtaPlatform]
2021-07-09  17:15:24   [INFO] - org.springframework.orm.jpa.LocalContainerEntityManagerFactoryBean  [main]  - Initialized JPA EntityManagerFactory for persistence unit 'default'
2021-07-09  17:15:25   [WARN] - org.springframework.boot.autoconfigure.orm.jpa.JpaBaseConfiguration$JpaWebConfiguration  [main]  - spring.jpa.open-in-view is enabled by default. Therefore, database queries may be performed during view rendering. Explicitly configure spring.jpa.open-in-view to disable this warning
2021-07-09  17:15:26   [INFO] - org.springframework.boot.actuate.endpoint.web.EndpointLinksResolver  [main]  - Exposing 14 endpoint(s) beneath base path '/actuator'
2021-07-09  17:15:26   [INFO] - org.springframework.boot.web.embedded.tomcat.TomcatWebServer  [main]  - Tomcat started on port(s): 8080 (http) with context path ''
2021-07-09  17:15:26   [INFO] - com.springboot.StudentH2DatabseJunitSpringBootApplication  [main]  - Started StudentH2DatabseJunitSpringBootApplication in 18.961 seconds (JVM running for 22.177)
2021-07-09  17:17:40   [INFO] - org.apache.catalina.core.ContainerBase.[Tomcat].[localhost].[/]  [http-nio-8080-exec-1]  - Initializing Spring DispatcherServlet 'dispatcherServlet'
2021-07-09  17:17:40   [INFO] - org.springframework.web.servlet.DispatcherServlet  [http-nio-8080-exec-1]  - Initializing Servlet 'dispatcherServlet'
2021-07-09  17:17:40   [INFO] - org.springframework.web.servlet.DispatcherServlet  [http-nio-8080-exec-1]  - Completed initialization in 28 ms
2021-07-09  17:17:40   [INFO] - com.springboot.controller.StudentController  [http-nio-8080-exec-1]  - Post Method is accessed
2021-07-09  17:19:28   [INFO] - com.springboot.controller.StudentController  [http-nio-8080-exec-5]  - Get Method is accessed
2021-07-09  17:27:48   [INFO] - com.springboot.StudentH2DatabseJunitSpringBootApplication  [main]  - Starting StudentH2DatabseJunitSpringBootApplication using Java 15.0.2 on DESKTOP-B06LK7N with PID 8440 (E:\Sb\H2-Databse-Junit-SpringBoot\target\classes started by LENOVO in E:\Sb\H2-Databse-Junit-SpringBoot)
2021-07-09  17:27:48   [INFO] - com.springboot.StudentH2DatabseJunitSpringBootApplication  [main]  - No active profile set, falling back to default profiles: default
2021-07-09  17:27:50   [INFO] - org.springframework.data.repository.config.RepositoryConfigurationDelegate  [main]  - Bootstrapping Spring Data JPA repositories in DEFAULT mode.
2021-07-09  17:27:50   [INFO] - org.springframework.data.repository.config.RepositoryConfigurationDelegate  [main]  - Finished Spring Data repository scanning in 79 ms. Found 3 JPA repository interfaces.
2021-07-09  17:27:51   [INFO] - org.springframework.boot.web.embedded.tomcat.TomcatWebServer  [main]  - Tomcat initialized with port(s): 8080 (http)
2021-07-09  17:27:51   [INFO] - org.apache.catalina.core.StandardService  [main]  - Starting service [Tomcat]
2021-07-09  17:27:51   [INFO] - org.apache.catalina.core.StandardEngine  [main]  - Starting Servlet engine: [Apache Tomcat/9.0.46]
2021-07-09  17:27:52   [INFO] - org.apache.catalina.core.ContainerBase.[Tomcat].[localhost].[/]  [main]  - Initializing Spring embedded WebApplicationContext
2021-07-09  17:27:52   [INFO] - org.springframework.boot.web.servlet.context.ServletWebServerApplicationContext  [main]  - Root WebApplicationContext: initialization completed in 3612 ms
2021-07-09  17:27:52   [INFO] - com.zaxxer.hikari.HikariDataSource  [main]  - HikariPool-1 - Starting...
2021-07-09  17:27:52   [INFO] - com.zaxxer.hikari.HikariDataSource  [main]  - HikariPool-1 - Start completed.
2021-07-09  17:27:52   [INFO] - org.springframework.boot.autoconfigure.h2.H2ConsoleAutoConfiguration  [main]  - H2 console available at '/h2'. Database available at 'jdbc:h2:mem:testdb'
2021-07-09  17:27:53   [INFO] - org.hibernate.jpa.internal.util.LogHelper  [main]  - HHH000204: Processing PersistenceUnitInfo [name: default]
2021-07-09  17:27:53   [INFO] - org.hibernate.Version  [main]  - HHH000412: Hibernate ORM core version 5.4.32.Final
2021-07-09  17:27:53   [INFO] - org.hibernate.annotations.common.Version  [main]  - HCANN000001: Hibernate Commons Annotations {5.1.2.Final}
2021-07-09  17:27:53   [INFO] - org.hibernate.dialect.Dialect  [main]  - HHH000400: Using dialect: org.hibernate.dialect.H2Dialect
2021-07-09  17:27:55   [INFO] - org.hibernate.engine.transaction.jta.platform.internal.JtaPlatformInitiator  [main]  - HHH000490: Using JtaPlatform implementation: [org.hibernate.engine.transaction.jta.platform.internal.NoJtaPlatform]
2021-07-09  17:27:55   [INFO] - org.springframework.orm.jpa.LocalContainerEntityManagerFactoryBean  [main]  - Initialized JPA EntityManagerFactory for persistence unit 'default'
2021-07-09  17:27:55   [WARN] - org.springframework.boot.autoconfigure.orm.jpa.JpaBaseConfiguration$JpaWebConfiguration  [main]  - spring.jpa.open-in-view is enabled by default. Therefore, database queries may be performed during view rendering. Explicitly configure spring.jpa.open-in-view to disable this warning
2021-07-09  17:27:56   [INFO] - org.springframework.boot.actuate.endpoint.web.EndpointLinksResolver  [main]  - Exposing 14 endpoint(s) beneath base path '/actuator'
2021-07-09  17:27:57   [INFO] - org.springframework.boot.web.embedded.tomcat.TomcatWebServer  [main]  - Tomcat started on port(s): 8080 (http) with context path ''
2021-07-09  17:27:57   [INFO] - com.springboot.StudentH2DatabseJunitSpringBootApplication  [main]  - Started StudentH2DatabseJunitSpringBootApplication in 9.618 seconds (JVM running for 10.486)
2021-07-09  17:30:39   [INFO] - org.apache.catalina.core.ContainerBase.[Tomcat].[localhost].[/]  [http-nio-8080-exec-1]  - Initializing Spring DispatcherServlet 'dispatcherServlet'
2021-07-09  17:30:39   [INFO] - org.springframework.web.servlet.DispatcherServlet  [http-nio-8080-exec-1]  - Initializing Servlet 'dispatcherServlet'
2021-07-09  17:30:39   [INFO] - org.springframework.web.servlet.DispatcherServlet  [http-nio-8080-exec-1]  - Completed initialization in 13 ms
2021-07-09  17:30:39   [INFO] - com.springboot.controller.StudentController  [http-nio-8080-exec-1]  - Post Method is accessed
2021-07-09  17:30:51   [INFO] - com.springboot.controller.StudentController  [http-nio-8080-exec-3]  - Get Method is accessed
2021-07-09  17:33:49   [INFO] - com.springboot.StudentH2DatabseJunitSpringBootApplication  [main]  - Starting StudentH2DatabseJunitSpringBootApplication using Java 15.0.2 on DESKTOP-B06LK7N with PID 9692 (E:\Sb\H2-Databse-Junit-SpringBoot\target\classes started by LENOVO in E:\Sb\H2-Databse-Junit-SpringBoot)
2021-07-09  17:33:49   [INFO] - com.springboot.StudentH2DatabseJunitSpringBootApplication  [main]  - No active profile set, falling back to default profiles: default
2021-07-09  17:33:52   [INFO] - org.springframework.data.repository.config.RepositoryConfigurationDelegate  [main]  - Bootstrapping Spring Data JPA repositories in DEFAULT mode.
2021-07-09  17:33:52   [INFO] - org.springframework.data.repository.config.RepositoryConfigurationDelegate  [main]  - Finished Spring Data repository scanning in 103 ms. Found 3 JPA repository interfaces.
2021-07-09  17:33:57   [INFO] - org.springframework.boot.web.embedded.tomcat.TomcatWebServer  [main]  - Tomcat initialized with port(s): 8080 (http)
2021-07-09  17:33:57   [INFO] - org.apache.catalina.core.StandardService  [main]  - Starting service [Tomcat]
2021-07-09  17:33:57   [INFO] - org.apache.catalina.core.StandardEngine  [main]  - Starting Servlet engine: [Apache Tomcat/9.0.46]
2021-07-09  17:33:59   [INFO] - org.apache.catalina.core.ContainerBase.[Tomcat].[localhost].[/]  [main]  - Initializing Spring embedded WebApplicationContext
2021-07-09  17:33:59   [INFO] - org.springframework.boot.web.servlet.context.ServletWebServerApplicationContext  [main]  - Root WebApplicationContext: initialization completed in 9823 ms
2021-07-09  17:33:59   [INFO] - com.zaxxer.hikari.HikariDataSource  [main]  - HikariPool-1 - Starting...
2021-07-09  17:34:00   [INFO] - com.zaxxer.hikari.HikariDataSource  [main]  - HikariPool-1 - Start completed.
2021-07-09  17:34:00   [INFO] - org.springframework.boot.autoconfigure.h2.H2ConsoleAutoConfiguration  [main]  - H2 console available at '/h2'. Database available at 'jdbc:h2:mem:testdb'
2021-07-09  17:34:00   [INFO] - org.hibernate.jpa.internal.util.LogHelper  [main]  - HHH000204: Processing PersistenceUnitInfo [name: default]
2021-07-09  17:34:00   [INFO] - org.hibernate.Version  [main]  - HHH000412: Hibernate ORM core version 5.4.32.Final
2021-07-09  17:34:01   [INFO] - org.hibernate.annotations.common.Version  [main]  - HCANN000001: Hibernate Commons Annotations {5.1.2.Final}
2021-07-09  17:34:01   [INFO] - org.hibernate.dialect.Dialect  [main]  - HHH000400: Using dialect: org.hibernate.dialect.H2Dialect
2021-07-09  17:34:02   [INFO] - org.hibernate.engine.transaction.jta.platform.internal.JtaPlatformInitiator  [main]  - HHH000490: Using JtaPlatform implementation: [org.hibernate.engine.transaction.jta.platform.internal.NoJtaPlatform]
2021-07-09  17:34:02   [INFO] - org.springframework.orm.jpa.LocalContainerEntityManagerFactoryBean  [main]  - Initialized JPA EntityManagerFactory for persistence unit 'default'
2021-07-09  17:34:03   [WARN] - org.springframework.boot.autoconfigure.orm.jpa.JpaBaseConfiguration$JpaWebConfiguration  [main]  - spring.jpa.open-in-view is enabled by default. Therefore, database queries may be performed during view rendering. Explicitly configure spring.jpa.open-in-view to disable this warning
2021-07-09  17:34:04   [INFO] - org.springframework.boot.actuate.endpoint.web.EndpointLinksResolver  [main]  - Exposing 14 endpoint(s) beneath base path '/actuator'
2021-07-09  17:34:04   [INFO] - org.springframework.boot.web.embedded.tomcat.TomcatWebServer  [main]  - Tomcat started on port(s): 8080 (http) with context path ''
2021-07-09  17:34:04   [INFO] - com.springboot.StudentH2DatabseJunitSpringBootApplication  [main]  - Started StudentH2DatabseJunitSpringBootApplication in 16.231 seconds (JVM running for 17.744)
2021-07-09  17:34:26   [INFO] - org.apache.catalina.core.ContainerBase.[Tomcat].[localhost].[/]  [http-nio-8080-exec-1]  - Initializing Spring DispatcherServlet 'dispatcherServlet'
2021-07-09  17:34:26   [INFO] - org.springframework.web.servlet.DispatcherServlet  [http-nio-8080-exec-1]  - Initializing Servlet 'dispatcherServlet'
2021-07-09  17:34:26   [INFO] - org.springframework.web.servlet.DispatcherServlet  [http-nio-8080-exec-1]  - Completed initialization in 3 ms
2021-07-09  17:34:26   [INFO] - com.springboot.controller.StudentController  [http-nio-8080-exec-1]  - Post Method is accessed
2021-07-09  17:34:29   [INFO] - com.springboot.controller.StudentController  [http-nio-8080-exec-3]  - Get Method is accessed
2021-07-09  17:57:34   [INFO] - com.springboot.controller.StudentController  [http-nio-8080-exec-9]  - Get Method is accessed
